<?xml version="1.0" encoding="UTF-8"?>
<!-- Generated by org.testng.reporters.JUnitReportReporter -->
<testsuite skipped="0" hostname="ReyaLabPC" name="testCases.GET_Read_All_Products" tests="1" failures="0" timestamp="15 Aug 2021 19:09:59 GMT" time="3.750" errors="0">
  <testcase name="get_Read_All_Products" time="3.750" classname="testCases.GET_Read_All_Products"/>
</testsuite> <!-- testCases.GET_Read_All_Products -->
